Using pre-set license
Built from '2022.3/staging' branch; Version is '2022.3.14f1 (eff2de9070d8) revision 15725278'; Using compiler version '192829333'; Build Type 'Release'
OS: 'Windows 11  (10.0.22000) 64bit Professional' Language: 'ko' Physical Memory: 4049 MB
BatchMode: 1, IsHumanControllingUs: 0, StartBugReporterOnCrash: 0, Is64bit: 1, IsPro: 1

COMMAND LINE ARGUMENTS:
C:\Unity\Unity Editor\2022.3.14f1\Editor\Unity.exe
-adb2
-batchMode
-noUpm
-name
AssetImportWorker1
-projectPath
C:/Users/YJW/Desktop/Toy-Project/Toy Project
-logFile
Logs/AssetImportWorker1.log
-srvPort
55030
Successfully changed project path to: C:/Users/YJW/Desktop/Toy-Project/Toy Project
C:/Users/YJW/Desktop/Toy-Project/Toy Project
[UnityMemory] Configuration Parameters - Can be set up in boot.config
    "memorysetup-bucket-allocator-granularity=16"
    "memorysetup-bucket-allocator-bucket-count=8"
    "memorysetup-bucket-allocator-block-size=33554432"
    "memorysetup-bucket-allocator-block-count=8"
    "memorysetup-main-allocator-block-size=16777216"
    "memorysetup-thread-allocator-block-size=16777216"
    "memorysetup-gfx-main-allocator-block-size=16777216"
    "memorysetup-gfx-thread-allocator-block-size=16777216"
    "memorysetup-cache-allocator-block-size=4194304"
    "memorysetup-typetree-allocator-block-size=2097152"
    "memorysetup-profiler-bucket-allocator-granularity=16"
    "memorysetup-profiler-bucket-allocator-bucket-count=8"
    "memorysetup-profiler-bucket-allocator-block-size=33554432"
    "memorysetup-profiler-bucket-allocator-block-count=8"
    "memorysetup-profiler-allocator-block-size=16777216"
    "memorysetup-profiler-editor-allocator-block-size=1048576"
    "memorysetup-temp-allocator-size-main=16777216"
    "memorysetup-job-temp-allocator-block-size=2097152"
    "memorysetup-job-temp-allocator-block-size-background=1048576"
    "memorysetup-job-temp-allocator-reduction-small-platforms=262144"
    "memorysetup-allocator-temp-initial-block-size-main=262144"
    "memorysetup-allocator-temp-initial-block-size-worker=262144"
    "memorysetup-temp-allocator-size-background-worker=32768"
    "memorysetup-temp-allocator-size-job-worker=262144"
    "memorysetup-temp-allocator-size-preload-manager=33554432"
    "memorysetup-temp-allocator-size-nav-mesh-worker=65536"
    "memorysetup-temp-allocator-size-audio-worker=65536"
    "memorysetup-temp-allocator-size-cloud-worker=32768"
    "memorysetup-temp-allocator-size-gi-baking-worker=262144"
    "memorysetup-temp-allocator-size-gfx=262144"
Player connection [5472] Host "[IP] 112.162.112.250 [Port] 0 [Flags] 2 [Guid] 7780652 [EditorId] 7780652 [Version] 1048832 [Id] WindowsEditor(7,서영운정동욱) [Debug] 1 [PackageName] WindowsEditor [ProjectName] Editor" joined multi-casting on [225.0.0.222:54997]...

Player connection [5472] Host "[IP] 112.162.112.250 [Port] 0 [Flags] 2 [Guid] 7780652 [EditorId] 7780652 [Version] 1048832 [Id] WindowsEditor(7,서영운정동욱) [Debug] 1 [PackageName] WindowsEditor [ProjectName] Editor" joined alternative multi-casting on [225.0.0.222:34997]...

[Physics::Module] Initialized MultithreadedJobDispatcher with 3 workers.
Refreshing native plugins compatible for Editor in 70.52 ms, found 3 plugins.
Preloading 0 native plugins for Editor in 0.00 ms.
Initialize engine version: 2022.3.14f1 (eff2de9070d8)
[Subsystems] Discovering subsystems at path C:/Unity/Unity Editor/2022.3.14f1/Editor/Data/Resources/UnitySubsystems
[Subsystems] Discovering subsystems at path C:/Users/YJW/Desktop/Toy-Project/Toy Project/Assets
GfxDevice: creating device client; threaded=0; jobified=0
Direct3D:
    Version:  Direct3D 11.0 [level 11.1]
    Renderer: Radeon RX550/550 Series (ID=0x699f)
    Vendor:   ATI
    VRAM:     2027 MB
    Driver:   31.0.12027.9001
Initialize mono
Mono path[0] = 'C:/Unity/Unity Editor/2022.3.14f1/Editor/Data/Managed'
Mono path[1] = 'C:/Unity/Unity Editor/2022.3.14f1/Editor/Data/MonoBleedingEdge/lib/mono/unityjit-win32'
Mono config path = 'C:/Unity/Unity Editor/2022.3.14f1/Editor/Data/MonoBleedingEdge/etc'
Using monoOptions --debugger-agent=transport=dt_socket,embedding=1,server=y,suspend=n,address=127.0.0.1:56764
Begin MonoManager ReloadAssembly
Registering precompiled unity dll's ...
Register platform support module: C:/Unity/Unity Editor/2022.3.14f1/Editor/Data/PlaybackEngines/AndroidPlayer/UnityEditor.Android.Extensions.dll
Register platform support module: C:/Unity/Unity Editor/2022.3.14f1/Editor/Data/PlaybackEngines/WindowsStandaloneSupport/UnityEditor.WindowsStandalone.Extensions.dll
Register platform support module: C:/Unity/Unity Editor/2022.3.14f1/Editor/Data/PlaybackEngines/MetroSupport/UnityEditor.UWP.Extensions.dll
Registered in 0.050394 seconds.
- Loaded All Assemblies, in  1.018 seconds
Native extension for UWP target not found
Native extension for WindowsStandalone target not found
Native extension for Android target not found
InvalidOperationException: Cannot start process because a file name has not been provided.
  at System.Diagnostics.Process.Start () [0x00024] in <6bb7fefcaacb438db8964dbe54b13572>:0 
  at (wrapper remoting-invoke-with-check) System.Diagnostics.Process.Start()
  at UnityEditor.Android.ProgramAsShellExecute.Start (System.Diagnostics.ProcessStartInfo psi) [0x0000e] in <0ced26b3dc0c441abfa02030fdc835ad>:0 
  at UnityEditor.Android.Command.RunWithShellExecute (System.String command, System.String args, System.String workingdir, System.String errorMsg) [0x0003e] in <0ced26b3dc0c441abfa02030fdc835ad>:0 
  at UnityEditor.Android.ADB.StartServer () [0x00013] in <0ced26b3dc0c441abfa02030fdc835ad>:0 
  at UnityEditor.Android.ADB.Run (System.String[] command, UnityEditor.Android.Command+WaitingForProcessToExit waitingForProcessToExit, System.String errorMsg) [0x0000b] in <0ced26b3dc0c441abfa02030fdc835ad>:0 
  at UnityEditor.Android.AndroidDeploymentTargetsExtension.GetKnownTargets (UnityEditor.DeploymentTargets.IDeploymentTargetsMainThreadContext context, UnityEditor.ProgressHandler progressHandler) [0x00284] in <0ced26b3dc0c441abfa02030fdc835ad>:0 
  at UnityEditor.Android.TargetScanWorker.ScanSync () [0x00039] in <0ced26b3dc0c441abfa02030fdc835ad>:0 
  at UnityEditor.Android.TargetExtension.OnUsbDevicesChanged (UnityEditor.Hardware.UsbDevice[] usbDevices) [0x00081] in <0ced26b3dc0c441abfa02030fdc835ad>:0 
  at UnityEditor.Android.TargetExtension.OnLoad () [0x000ad] in <0ced26b3dc0c441abfa02030fdc835ad>:0 
  at UnityEditor.Modules.ModuleManager.InitializePlatformSupportModules () [0x0009d] in <ac8a1d1a125546cf82b0ec17802fc7c2>:0 

Mono: successfully reloaded assembly
- Finished resetting the current domain, in  0.610 seconds
Domain Reload Profiling: 1624ms
	BeginReloadAssembly (434ms)
		ExecutionOrderSort (0ms)
		DisableScriptedObjects (0ms)
		BackupInstance (0ms)
		ReleaseScriptingObjects (0ms)
		CreateAndSetChildDomain (1ms)
	RebuildCommonClasses (76ms)
	RebuildNativeTypeToScriptingClass (20ms)
	initialDomainReloadingComplete (185ms)
	LoadAllAssembliesAndSetupDomain (298ms)
		LoadAssemblies (429ms)
		RebuildTransferFunctionScriptingTraits (0ms)
		AnalyzeDomain (291ms)
			TypeCache.Refresh (287ms)
				TypeCache.ScanAssembly (260ms)
			ScanForSourceGeneratedMonoScriptInfo (1ms)
			ResolveRequiredComponents (2ms)
	FinalizeReload (611ms)
		ReleaseScriptCaches (0ms)
		RebuildScriptCaches (0ms)
		SetupLoadedEditorAssemblies (510ms)
			LogAssemblyErrors (0ms)
			InitializePlatformSupportModulesInManaged (239ms)
			SetLoadedEditorAssemblies (10ms)
			RefreshPlugins (0ms)
			BeforeProcessingInitializeOnLoad (4ms)
			ProcessInitializeOnLoadAttributes (172ms)
			ProcessInitializeOnLoadMethodAttributes (85ms)
			AfterProcessingInitializeOnLoad (0ms)
			EditorAssembliesLoaded (0ms)
		ExecutionOrderSort2 (0ms)
		AwakeInstancesAfterBackupRestoration (0ms)
========================================================================
Worker process is ready to serve import requests
Begin MonoManager ReloadAssembly
- Loaded All Assemblies, in 14.249 seconds
Refreshing native plugins compatible for Editor in 8.22 ms, found 3 plugins.
Native extension for UWP target not found
Native extension for WindowsStandalone target not found
Native extension for Android target not found
Package Manager log level set to [2]
[Package Manager] Server::EnsureServerProcessIsRunning -- launch failed, reason: Unity was launched with the -noUpm command-line argument
[Package Manager] UpmClient::Send -- Unable to send message (not connected to UPM process).
[Package Manager] Cannot connect to Unity Package Manager local server
Mono: successfully reloaded assembly
- Finished resetting the current domain, in  2.388 seconds
Domain Reload Profiling: 16632ms
	BeginReloadAssembly (9487ms)
		ExecutionOrderSort (0ms)
		DisableScriptedObjects (9ms)
		BackupInstance (0ms)
		ReleaseScriptingObjects (0ms)
		CreateAndSetChildDomain (33ms)
	RebuildCommonClasses (69ms)
	RebuildNativeTypeToScriptingClass (20ms)
	initialDomainReloadingComplete (91ms)
	LoadAllAssembliesAndSetupDomain (4575ms)
		LoadAssemblies (12993ms)
		RebuildTransferFunctionScriptingTraits (0ms)
		AnalyzeDomain (956ms)
			TypeCache.Refresh (880ms)
				TypeCache.ScanAssembly (740ms)
			ScanForSourceGeneratedMonoScriptInfo (24ms)
			ResolveRequiredComponents (50ms)
	FinalizeReload (2389ms)
		ReleaseScriptCaches (0ms)
		RebuildScriptCaches (0ms)
		SetupLoadedEditorAssemblies (1831ms)
			LogAssemblyErrors (0ms)
			InitializePlatformSupportModulesInManaged (314ms)
			SetLoadedEditorAssemblies (422ms)
			RefreshPlugins (0ms)
			BeforeProcessingInitializeOnLoad (185ms)
			ProcessInitializeOnLoadAttributes (820ms)
			ProcessInitializeOnLoadMethodAttributes (77ms)
			AfterProcessingInitializeOnLoad (12ms)
			EditorAssembliesLoaded (0ms)
		ExecutionOrderSort2 (0ms)
		AwakeInstancesAfterBackupRestoration (21ms)
Launched and connected shader compiler UnityShaderCompiler.exe after 0.72 seconds
Refreshing native plugins compatible for Editor in 11.13 ms, found 3 plugins.
Preloading 0 native plugins for Editor in 0.00 ms.
Unloading 3092 Unused Serialized files (Serialized files now loaded: 0)
Unloading 32 unused Assets / (56.8 KB). Loaded Objects now: 3557.
Memory consumption went from 127.4 MB to 127.4 MB.
Total: 5.571500 ms (FindLiveObjects: 0.432700 ms CreateObjectMapping: 0.322100 ms MarkObjects: 4.643100 ms  DeleteObjects: 0.171900 ms)

AssetImportParameters requested are different than current active one (requested -> active):
  custom:container-demuxer-ogg: 62fdf1f143b41e24485cea50d1cbac27 -> 
  custom:video-decoder-ogg-theora: a1e56fd34408186e4bbccfd4996cb3dc -> 
  custom:framework-win-MediaFoundation: 216162199b28c13a410421893ffa2e32 -> 
  custom:CustomObjectIndexerAttribute: 756ad292c208cfabdd7b50bc23989ffe -> 
  custom:container-demuxer-webm: 4f35f7cbe854078d1ac9338744f61a02 -> 
  custom:container-muxer-webm: aa71ff27fc2769a1b78a27578f13a17b -> 
  custom:video-decoder-webm-vp8: 9c59270c3fd7afecdb556c50c9e8de78 -> 
  custom:SearchIndexIgnoredProperties: e643bd26f0fe6173181afceb89e7c659 -> 
  custom:AudioImporter_EditorPlatform: d09bf68614088b80899f8185d706f6e7 -> 
  custom:video-encoder-webm-vp8: eb34c28f22e8b96e1ab97ce403110664 -> 
  custom:audio-decoder-ogg-vorbis: bf7c407c2cedff20999df2af8eb42d56 -> 
  custom:audio-encoder-webm-vorbis: bf7c407c2cedff20999df2af8eb42d56 -> 
========================================================================
Received Import Request.
  Time since last request: 2399.256950 seconds.
  path: Assets/Model
  artifactKey: Guid(2252c26db50bfb34fb1a445425a8b344) Importer(815301076,1909f56bfc062723c751e8b465ee728b)
Start importing Assets/Model using Guid(2252c26db50bfb34fb1a445425a8b344) Importer(815301076,1909f56bfc062723c751e8b465ee728b)  -> (artifact id: '95a978234823b6ac00e7143faebb1760') in 0.087257 seconds
Number of updated asset objects reloaded before import = 0
Number of asset objects unloaded after import = 0
========================================================================
Received Import Request.
  Time since last request: 199.193451 seconds.
  path: Assets/Materials/kenney_prototype-textures/Sample.png
  artifactKey: Guid(e66154941c937ff49921d88e6c722a24) Importer(815301076,1909f56bfc062723c751e8b465ee728b)
Start importing Assets/Materials/kenney_prototype-textures/Sample.png using Guid(e66154941c937ff49921d88e6c722a24) Importer(815301076,1909f56bfc062723c751e8b465ee728b)  -> (artifact id: '70e0a55c1be345526d771b819019e3f3') in 1.198363 seconds
Number of updated asset objects reloaded before import = 0
Number of asset objects unloaded after import = 2
========================================================================
Received Import Request.
  Time since last request: 15.278241 seconds.
  path: Assets/Model/kenney_prototype-kit/Preview (Variation A).png
  artifactKey: Guid(1c6fc8ac1cbf6c940aac624a1ad3cc82) Importer(815301076,1909f56bfc062723c751e8b465ee728b)
Start importing Assets/Model/kenney_prototype-kit/Preview (Variation A).png using Guid(1c6fc8ac1cbf6c940aac624a1ad3cc82) Importer(815301076,1909f56bfc062723c751e8b465ee728b)  -> (artifact id: '19dd8bc53c60c7411d914049d0a347cf') in 0.220229 seconds
Number of updated asset objects reloaded before import = 0
Number of asset objects unloaded after import = 2
========================================================================
Received Import Request.
  Time since last request: 0.000119 seconds.
  path: Assets/Model/kenney_prototype-kit/Preview (Variation B).png
  artifactKey: Guid(0a499b5d4382dc64a9f8e2310125c548) Importer(815301076,1909f56bfc062723c751e8b465ee728b)
Start importing Assets/Model/kenney_prototype-kit/Preview (Variation B).png using Guid(0a499b5d4382dc64a9f8e2310125c548) Importer(815301076,1909f56bfc062723c751e8b465ee728b)  -> (artifact id: 'a3f4900dcbb0314a523ef13e1dc02d3e') in 0.233485 seconds
Number of updated asset objects reloaded before import = 0
Number of asset objects unloaded after import = 2
========================================================================
Received Import Request.
  Time since last request: 8.717579 seconds.
  path: Assets/Model/kenney_prototype-kit/Models/FBX format/animal-dog.fbx
  artifactKey: Guid(45d778c1ab190e641b78b036c2e09483) Importer(815301076,1909f56bfc062723c751e8b465ee728b)
Start importing Assets/Model/kenney_prototype-kit/Models/FBX format/animal-dog.fbx using Guid(45d778c1ab190e641b78b036c2e09483) Importer(815301076,1909f56bfc062723c751e8b465ee728b)  -> (artifact id: '47aa4ef32963413f05051e12b4caaadf') in 1.464965 seconds
Number of updated asset objects reloaded before import = 0
Number of asset objects unloaded after import = 52
========================================================================
Received Import Request.
  Time since last request: 0.000040 seconds.
  path: Assets/Model/kenney_prototype-kit/Models/FBX format/number-double-2.fbx
  artifactKey: Guid(1a6b641cd78cc9d41b749daa039977fc) Importer(815301076,1909f56bfc062723c751e8b465ee728b)
Start importing Assets/Model/kenney_prototype-kit/Models/FBX format/number-double-2.fbx using Guid(1a6b641cd78cc9d41b749daa039977fc) Importer(815301076,1909f56bfc062723c751e8b465ee728b)  -> (artifact id: '9e1bd50df24dbb7131f5edb305641d5f') in 0.037463 seconds
Number of updated asset objects reloaded before import = 0
Number of asset objects unloaded after import = 9
========================================================================
Received Import Request.
  Time since last request: 0.000112 seconds.
  path: Assets/Model/kenney_prototype-kit/Models/FBX format/indicator-round-c.fbx
  artifactKey: Guid(f05a2d63306764144bad7177637b92f5) Importer(815301076,1909f56bfc062723c751e8b465ee728b)
Start importing Assets/Model/kenney_prototype-kit/Models/FBX format/indicator-round-c.fbx using Guid(f05a2d63306764144bad7177637b92f5) Importer(815301076,1909f56bfc062723c751e8b465ee728b)  -> (artifact id: 'b8f98eb9965d8231eb8448368e2a5eeb') in 0.058944 seconds
Number of updated asset objects reloaded before import = 0
Number of asset objects unloaded after import = 12
========================================================================
Received Import Request.
  Time since last request: 0.000025 seconds.
  path: Assets/Model/kenney_prototype-kit/Models/FBX format/number-6.fbx
  artifactKey: Guid(52978c47fbd66a648a7eeaae32c38255) Importer(815301076,1909f56bfc062723c751e8b465ee728b)
Start importing Assets/Model/kenney_prototype-kit/Models/FBX format/number-6.fbx using Guid(52978c47fbd66a648a7eeaae32c38255) Importer(815301076,1909f56bfc062723c751e8b465ee728b)  -> (artifact id: 'ff3515accc9a6fe79f840bc945e923a7') in 0.204583 seconds
Number of updated asset objects reloaded before import = 0
Number of asset objects unloaded after import = 9
========================================================================
Received Import Request.
  Time since last request: 0.000933 seconds.
  path: Assets/Model/kenney_prototype-kit/Models/FBX format/ladder.fbx
  artifactKey: Guid(e1ab78a2a8b984c4183f5dd814dabb1c) Importer(815301076,1909f56bfc062723c751e8b465ee728b)
Start importing Assets/Model/kenney_prototype-kit/Models/FBX format/ladder.fbx using Guid(e1ab78a2a8b984c4183f5dd814dabb1c) Importer(815301076,1909f56bfc062723c751e8b465ee728b)  -> (artifact id: 'df446068f8afb8ea72e7812cb17a7a12') in 1.437739 seconds
Number of updated asset objects reloaded before import = 0
Number of asset objects unloaded after import = 9
========================================================================
Received Import Request.
  Time since last request: 0.000384 seconds.
  path: Assets/Model/kenney_prototype-kit/Models/FBX format/door-sliding-double-wide.fbx
  artifactKey: Guid(52f5658db0c89034dbfb45bb046906dd) Importer(815301076,1909f56bfc062723c751e8b465ee728b)
Start importing Assets/Model/kenney_prototype-kit/Models/FBX format/door-sliding-double-wide.fbx using Guid(52f5658db0c89034dbfb45bb046906dd) Importer(815301076,1909f56bfc062723c751e8b465ee728b)  -> (artifact id: '8b852b8308033d6028ab2cb57b4ca282') in 0.318458 seconds
Number of updated asset objects reloaded before import = 0
Number of asset objects unloaded after import = 19
========================================================================
Received Import Request.
  Time since last request: 0.683859 seconds.
  path: Assets/Model/kenney_prototype-kit/Models/FBX format/door-garage.fbx
  artifactKey: Guid(db3182b1ee90f6e46a434fe8cac47c67) Importer(815301076,1909f56bfc062723c751e8b465ee728b)
Start importing Assets/Model/kenney_prototype-kit/Models/FBX format/door-garage.fbx using Guid(db3182b1ee90f6e46a434fe8cac47c67) Importer(815301076,1909f56bfc062723c751e8b465ee728b)  -> (artifact id: '0624fe8066129b10757f6cb77e33fd86') in 0.159523 seconds
Number of updated asset objects reloaded before import = 0
Number of asset objects unloaded after import = 14
========================================================================
Received Import Request.
  Time since last request: 0.008247 seconds.
  path: Assets/Model/kenney_prototype-kit/Models/FBX format/column-triangle.fbx
  artifactKey: Guid(0b8c9ee1a62821840804d4c234d8615c) Importer(815301076,1909f56bfc062723c751e8b465ee728b)
Start importing Assets/Model/kenney_prototype-kit/Models/FBX format/column-triangle.fbx using Guid(0b8c9ee1a62821840804d4c234d8615c) Importer(815301076,1909f56bfc062723c751e8b465ee728b)  -> (artifact id: '506c4e5315e7c10ebf76c5f7fc4816bc') in 1.613172 seconds
Number of updated asset objects reloaded before import = 0
Number of asset objects unloaded after import = 9
========================================================================
Received Import Request.
  Time since last request: 0.040943 seconds.
  path: Assets/Model/kenney_prototype-kit/Models/FBX format/indicator-special-area.fbx
  artifactKey: Guid(6a48370dc6b7a4b478e99f0123eeb3a9) Importer(815301076,1909f56bfc062723c751e8b465ee728b)
Start importing Assets/Model/kenney_prototype-kit/Models/FBX format/indicator-special-area.fbx using Guid(6a48370dc6b7a4b478e99f0123eeb3a9) Importer(815301076,1909f56bfc062723c751e8b465ee728b)  -> (artifact id: '6a527547ede19d72c19845f45b08b1ff') in 0.291749 seconds
Number of updated asset objects reloaded before import = 0
Number of asset objects unloaded after import = 9
========================================================================
Received Import Request.
  Time since last request: 0.000132 seconds.
  path: Assets/Model/kenney_prototype-kit/Models/FBX format/crate.fbx
  artifactKey: Guid(332c28783fe1f92458090f9dfe550dc1) Importer(815301076,1909f56bfc062723c751e8b465ee728b)
Start importing Assets/Model/kenney_prototype-kit/Models/FBX format/crate.fbx using Guid(332c28783fe1f92458090f9dfe550dc1) Importer(815301076,1909f56bfc062723c751e8b465ee728b)  -> (artifact id: 'f41f8baa0d09711176ae0d1585eb19e7') in 0.271234 seconds
Number of updated asset objects reloaded before import = 0
Number of asset objects unloaded after import = 9
========================================================================
Received Import Request.
  Time since last request: 2.832756 seconds.
  path: Assets/Model/kenney_prototype-kit/Models/FBX format/indicator-doorway.fbx
  artifactKey: Guid(b30b30f5d0c524a4fb33297fb462ffa4) Importer(815301076,1909f56bfc062723c751e8b465ee728b)
Start importing Assets/Model/kenney_prototype-kit/Models/FBX format/indicator-doorway.fbx using Guid(b30b30f5d0c524a4fb33297fb462ffa4) Importer(815301076,1909f56bfc062723c751e8b465ee728b)  -> (artifact id: 'a0a6a7b5ba461aa50b276b583e50a849') in 0.476744 seconds
Number of updated asset objects reloaded before import = 0
Number of asset objects unloaded after import = 9
========================================================================
Received Import Request.
  Time since last request: 0.000056 seconds.
  path: Assets/Model/kenney_prototype-kit/Models/FBX format/indicator-round-e.fbx
  artifactKey: Guid(1c2f2c073af37ea4dbc909a7048a34b6) Importer(815301076,1909f56bfc062723c751e8b465ee728b)
Start importing Assets/Model/kenney_prototype-kit/Models/FBX format/indicator-round-e.fbx using Guid(1c2f2c073af37ea4dbc909a7048a34b6) Importer(815301076,1909f56bfc062723c751e8b465ee728b)  -> (artifact id: 'e39682d4a7a91a3463f4c8e860389448') in 1.815684 seconds
Number of updated asset objects reloaded before import = 0
Number of asset objects unloaded after import = 12
========================================================================
Received Import Request.
  Time since last request: 0.037820 seconds.
  path: Assets/Model/kenney_prototype-kit/Models/FBX format/figurine.fbx
  artifactKey: Guid(90cc517429a7b7c499ea7106cb2b4665) Importer(815301076,1909f56bfc062723c751e8b465ee728b)
Start importing Assets/Model/kenney_prototype-kit/Models/FBX format/figurine.fbx using Guid(90cc517429a7b7c499ea7106cb2b4665) Importer(815301076,1909f56bfc062723c751e8b465ee728b)  -> (artifact id: 'd35bfff371099d8361cfbf1764b26cf1') in 1.230832 seconds
Number of updated asset objects reloaded before import = 0
Number of asset objects unloaded after import = 65
========================================================================
Received Import Request.
  Time since last request: 0.000075 seconds.
  path: Assets/Model/kenney_prototype-kit/Models/FBX format/indicator-round-f.fbx
  artifactKey: Guid(2d1336c47b09ee741afaf83b27fddfd7) Importer(815301076,1909f56bfc062723c751e8b465ee728b)
Start importing Assets/Model/kenney_prototype-kit/Models/FBX format/indicator-round-f.fbx using Guid(2d1336c47b09ee741afaf83b27fddfd7) Importer(815301076,1909f56bfc062723c751e8b465ee728b)  -> (artifact id: 'a2e6aba08c683adabb1311e11a1daf04') in 2.193170 seconds
Number of updated asset objects reloaded before import = 0
Number of asset objects unloaded after import = 12
========================================================================
Received Import Request.
  Time since last request: 0.000036 seconds.
  path: Assets/Model/kenney_prototype-kit/Models/FBX format/indicator-square-d.fbx
  artifactKey: Guid(4ef46709a1fbf0144b3fd6aadcd6cd1f) Importer(815301076,1909f56bfc062723c751e8b465ee728b)
Start importing Assets/Model/kenney_prototype-kit/Models/FBX format/indicator-square-d.fbx using Guid(4ef46709a1fbf0144b3fd6aadcd6cd1f) Importer(815301076,1909f56bfc062723c751e8b465ee728b)  -> (artifact id: '8cbb6b63823cb81b0152610594954c8e') in 2.678705 seconds
Number of updated asset objects reloaded before import = 0
Number of asset objects unloaded after import = 9
========================================================================
Received Import Request.
  Time since last request: 0.000557 seconds.
  path: Assets/Model/kenney_prototype-kit/Models/FBX format/ladder-top.fbx
  artifactKey: Guid(46fe2360c01fa3345a51f9bc3bff7991) Importer(815301076,1909f56bfc062723c751e8b465ee728b)
Start importing Assets/Model/kenney_prototype-kit/Models/FBX format/ladder-top.fbx using Guid(46fe2360c01fa3345a51f9bc3bff7991) Importer(815301076,1909f56bfc062723c751e8b465ee728b)  -> (artifact id: '88e3311f736c34b9d743d4fe791d0f9e') in 0.232344 seconds
Number of updated asset objects reloaded before import = 0
Number of asset objects unloaded after import = 9
========================================================================
Received Import Request.
  Time since last request: 0.000975 seconds.
  path: Assets/Model/kenney_prototype-kit/Models/FBX format/animal-horse.fbx
  artifactKey: Guid(02bf9a5b91c6a4541a173dde6e35f5bc) Importer(815301076,1909f56bfc062723c751e8b465ee728b)
Start importing Assets/Model/kenney_prototype-kit/Models/FBX format/animal-horse.fbx using Guid(02bf9a5b91c6a4541a173dde6e35f5bc) Importer(815301076,1909f56bfc062723c751e8b465ee728b)  -> (artifact id: '40dae937c3bf1d9a80260d565ef20001') in 0.452993 seconds
Number of updated asset objects reloaded before import = 0
Number of asset objects unloaded after import = 52
========================================================================
Received Import Request.
  Time since last request: 0.000047 seconds.
  path: Assets/Model/kenney_prototype-kit/Models/FBX format/floor-thick.fbx
  artifactKey: Guid(db82cf2d6f9dfdd429e7f3cbadb90e78) Importer(815301076,1909f56bfc062723c751e8b465ee728b)
Start importing Assets/Model/kenney_prototype-kit/Models/FBX format/floor-thick.fbx using Guid(db82cf2d6f9dfdd429e7f3cbadb90e78) Importer(815301076,1909f56bfc062723c751e8b465ee728b)  -> (artifact id: 'f96f750d0a3e6435d938e61ff3d2b3b1') in 0.162751 seconds
Number of updated asset objects reloaded before import = 0
Number of asset objects unloaded after import = 9
========================================================================
Received Import Request.
  Time since last request: 0.000318 seconds.
  path: Assets/Model/kenney_prototype-kit/Models/FBX format/indicator-special-lines.fbx
  artifactKey: Guid(e0f0387fa7d664146a3ec6b334f8382a) Importer(815301076,1909f56bfc062723c751e8b465ee728b)
Start importing Assets/Model/kenney_prototype-kit/Models/FBX format/indicator-special-lines.fbx using Guid(e0f0387fa7d664146a3ec6b334f8382a) Importer(815301076,1909f56bfc062723c751e8b465ee728b)  -> (artifact id: 'dc379ff3e590244b1aaf7d6dde527f92') in 0.294780 seconds
Number of updated asset objects reloaded before import = 0
Number of asset objects unloaded after import = 9
========================================================================
Received Import Request.
  Time since last request: 2.008564 seconds.
  path: Assets/Model/kenney_prototype-kit/Models/FBX format/number-2.fbx
  artifactKey: Guid(683ee59e78cf22d49a2232e6ad06aa6c) Importer(815301076,1909f56bfc062723c751e8b465ee728b)
Start importing Assets/Model/kenney_prototype-kit/Models/FBX format/number-2.fbx using Guid(683ee59e78cf22d49a2232e6ad06aa6c) Importer(815301076,1909f56bfc062723c751e8b465ee728b)  -> (artifact id: '2b37155c2195e5256013fe4d154e4df1') in 0.813814 seconds
Number of updated asset objects reloaded before import = 0
Number of asset objects unloaded after import = 9
========================================================================
Received Import Request.
  Time since last request: 0.034079 seconds.
  path: Assets/Model/kenney_prototype-kit/Models/FBX format/column-rounded.fbx
  artifactKey: Guid(70d9657111a268144b17217ab51494a2) Importer(815301076,1909f56bfc062723c751e8b465ee728b)
Start importing Assets/Model/kenney_prototype-kit/Models/FBX format/column-rounded.fbx using Guid(70d9657111a268144b17217ab51494a2) Importer(815301076,1909f56bfc062723c751e8b465ee728b)  -> (artifact id: 'ca01ce140daa6b4b497ca944e6332030') in 0.044626 seconds
Number of updated asset objects reloaded before import = 0
Number of asset objects unloaded after import = 9
========================================================================
Received Import Request.
  Time since last request: 0.000030 seconds.
  path: Assets/Model/kenney_prototype-kit/Models/FBX format/lever-double.fbx
  artifactKey: Guid(345b2172f439a20498fe80243caef097) Importer(815301076,1909f56bfc062723c751e8b465ee728b)
Start importing Assets/Model/kenney_prototype-kit/Models/FBX format/lever-double.fbx using Guid(345b2172f439a20498fe80243caef097) Importer(815301076,1909f56bfc062723c751e8b465ee728b)  -> (artifact id: '29255c91c04ce5732c9eb3b1551a39ce') in 0.314313 seconds
Number of updated asset objects reloaded before import = 0
Number of asset objects unloaded after import = 17
========================================================================
Received Import Request.
  Time since last request: 0.001141 seconds.
  path: Assets/Model/kenney_prototype-kit/Models/FBX format/coin.fbx
  artifactKey: Guid(307694bd9036f1b4ca98aaba86e9e6da) Importer(815301076,1909f56bfc062723c751e8b465ee728b)
Start importing Assets/Model/kenney_prototype-kit/Models/FBX format/coin.fbx using Guid(307694bd9036f1b4ca98aaba86e9e6da) Importer(815301076,1909f56bfc062723c751e8b465ee728b)  -> (artifact id: '4e3e58d21f36dc13fcc65e6b8d379589') in 0.130419 seconds
Number of updated asset objects reloaded before import = 0
Number of asset objects unloaded after import = 9
========================================================================
Received Import Request.
  Time since last request: 0.000050 seconds.
  path: Assets/Model/kenney_prototype-kit/Models/FBX format/indicator-round-a.fbx
  artifactKey: Guid(3faa415f2abb50e40b6769b0f1c4c505) Importer(815301076,1909f56bfc062723c751e8b465ee728b)
Start importing Assets/Model/kenney_prototype-kit/Models/FBX format/indicator-round-a.fbx using Guid(3faa415f2abb50e40b6769b0f1c4c505) Importer(815301076,1909f56bfc062723c751e8b465ee728b)  -> (artifact id: 'a109d3c7d79438a5a12f0070be70ee57') in 0.150187 seconds
Number of updated asset objects reloaded before import = 0
Number of asset objects unloaded after import = 12
========================================================================
Received Import Request.
  Time since last request: 0.004022 seconds.
  path: Assets/Model/kenney_prototype-kit/Models/FBX format/indicator-special-cross.fbx
  artifactKey: Guid(ed0b39710539ca04c8e7404c876c4cd7) Importer(815301076,1909f56bfc062723c751e8b465ee728b)
Start importing Assets/Model/kenney_prototype-kit/Models/FBX format/indicator-special-cross.fbx using Guid(ed0b39710539ca04c8e7404c876c4cd7) Importer(815301076,1909f56bfc062723c751e8b465ee728b)  -> (artifact id: 'db4e69ead4b7306a0c2b30c529300754') in 2.331440 seconds
Number of updated asset objects reloaded before import = 0
Number of asset objects unloaded after import = 9
========================================================================
Received Import Request.
  Time since last request: 0.015029 seconds.
  path: Assets/Model/kenney_prototype-kit/Models/FBX format/indicator-round-d.fbx
  artifactKey: Guid(1e5e476aa06d5634c96d9a58911decb7) Importer(815301076,1909f56bfc062723c751e8b465ee728b)
Start importing Assets/Model/kenney_prototype-kit/Models/FBX format/indicator-round-d.fbx using Guid(1e5e476aa06d5634c96d9a58911decb7) Importer(815301076,1909f56bfc062723c751e8b465ee728b)  -> (artifact id: '6733a1e0ce488fcd069f3cc348f0cf54') in 2.595210 seconds
Number of updated asset objects reloaded before import = 0
Number of asset objects unloaded after import = 12
========================================================================
Received Import Request.
  Time since last request: 0.027517 seconds.
  path: Assets/Model/kenney_prototype-kit/Models/FBX format/hat-hard.fbx
  artifactKey: Guid(68b3140e93340204f8a0c2be9a852679) Importer(815301076,1909f56bfc062723c751e8b465ee728b)
Start importing Assets/Model/kenney_prototype-kit/Models/FBX format/hat-hard.fbx using Guid(68b3140e93340204f8a0c2be9a852679) Importer(815301076,1909f56bfc062723c751e8b465ee728b)  -> (artifact id: 'e5816637f8120e9e955c5de53c1800f1') in 1.052423 seconds
Number of updated asset objects reloaded before import = 0
Number of asset objects unloaded after import = 9
========================================================================
Received Import Request.
  Time since last request: 0.000033 seconds.
  path: Assets/Model/kenney_prototype-kit/Models/FBX format/door-sliding-double.fbx
  artifactKey: Guid(99710884192bc304eb8db022215d2844) Importer(815301076,1909f56bfc062723c751e8b465ee728b)
Start importing Assets/Model/kenney_prototype-kit/Models/FBX format/door-sliding-double.fbx using Guid(99710884192bc304eb8db022215d2844) Importer(815301076,1909f56bfc062723c751e8b465ee728b)  -> (artifact id: '3217b42ae6d5f67654d0bdd8e4b0d7dd') in 0.096362 seconds
Number of updated asset objects reloaded before import = 0
Number of asset objects unloaded after import = 19
========================================================================
Received Import Request.
  Time since last request: 0.000409 seconds.
  path: Assets/Model/kenney_prototype-kit/Models/FBX format/floor-small-diagonal.fbx
  artifactKey: Guid(63883e831323ac742adb36adedb0ae80) Importer(815301076,1909f56bfc062723c751e8b465ee728b)
Start importing Assets/Model/kenney_prototype-kit/Models/FBX format/floor-small-diagonal.fbx using Guid(63883e831323ac742adb36adedb0ae80) Importer(815301076,1909f56bfc062723c751e8b465ee728b)  -> (artifact id: '7d86f4aa692d45e413463a41369bfe30') in 0.219812 seconds
Number of updated asset objects reloaded before import = 0
Number of asset objects unloaded after import = 9
========================================================================
Received Import Request.
  Time since last request: 0.013768 seconds.
  path: Assets/Model/kenney_prototype-kit/Models/FBX format/hat-cap.fbx
  artifactKey: Guid(1deb86991910309418cf1a8a942652bf) Importer(815301076,1909f56bfc062723c751e8b465ee728b)
Start importing Assets/Model/kenney_prototype-kit/Models/FBX format/hat-cap.fbx using Guid(1deb86991910309418cf1a8a942652bf) Importer(815301076,1909f56bfc062723c751e8b465ee728b)  -> (artifact id: '191b2f947d6d3725f4cb59c8c4cb2634') in 0.061138 seconds
Number of updated asset objects reloaded before import = 0
Number of asset objects unloaded after import = 9
========================================================================
Received Import Request.
  Time since last request: 0.000187 seconds.
  path: Assets/Model/kenney_prototype-kit/Models/FBX format/number-9.fbx
  artifactKey: Guid(f011454320a24a94d96c288ddefdd3a1) Importer(815301076,1909f56bfc062723c751e8b465ee728b)
Start importing Assets/Model/kenney_prototype-kit/Models/FBX format/number-9.fbx using Guid(f011454320a24a94d96c288ddefdd3a1) Importer(815301076,1909f56bfc062723c751e8b465ee728b)  -> (artifact id: '003b9baa7c1d70e21866a7404116ffc2') in 0.380927 seconds
Number of updated asset objects reloaded before import = 0
Number of asset objects unloaded after import = 9
========================================================================
Received Import Request.
  Time since last request: 0.007659 seconds.
  path: Assets/Model/kenney_prototype-kit/Models/FBX format/figurine-cube-detailed.fbx
  artifactKey: Guid(429828f3263bd3b4abcad6ac6f4c8c84) Importer(815301076,1909f56bfc062723c751e8b465ee728b)
Start importing Assets/Model/kenney_prototype-kit/Models/FBX format/figurine-cube-detailed.fbx using Guid(429828f3263bd3b4abcad6ac6f4c8c84) Importer(815301076,1909f56bfc062723c751e8b465ee728b)  -> (artifact id: 'cf8968d06083330197cff1ccd1cfe77b') in 0.286939 seconds
Number of updated asset objects reloaded before import = 0
Number of asset objects unloaded after import = 65
========================================================================
Received Import Request.
  Time since last request: 0.000052 seconds.
  path: Assets/Model/kenney_prototype-kit/Models/FBX format/indicator-square-a.fbx
  artifactKey: Guid(143d3d1511b5f4a45b466e37001e8fc1) Importer(815301076,1909f56bfc062723c751e8b465ee728b)
Start importing Assets/Model/kenney_prototype-kit/Models/FBX format/indicator-square-a.fbx using Guid(143d3d1511b5f4a45b466e37001e8fc1) Importer(815301076,1909f56bfc062723c751e8b465ee728b)  -> (artifact id: '87b812937cb88377d14164712f97289c') in 0.148735 seconds
Number of updated asset objects reloaded before import = 0
Number of asset objects unloaded after import = 9
========================================================================
Received Import Request.
  Time since last request: 0.000039 seconds.
  path: Assets/Model/kenney_prototype-kit/Models/FBX format/number-double-0.fbx
  artifactKey: Guid(8c557450bad828b4e801826ca65b0d32) Importer(815301076,1909f56bfc062723c751e8b465ee728b)
Start importing Assets/Model/kenney_prototype-kit/Models/FBX format/number-double-0.fbx using Guid(8c557450bad828b4e801826ca65b0d32) Importer(815301076,1909f56bfc062723c751e8b465ee728b)  -> (artifact id: '2439cbf391ef0df646ceb51bedcc585a') in 0.659350 seconds
Number of updated asset objects reloaded before import = 0
Number of asset objects unloaded after import = 9
========================================================================
Received Import Request.
  Time since last request: 0.000045 seconds.
  path: Assets/Model/kenney_prototype-kit/Models/FBX format/crate-color.fbx
  artifactKey: Guid(2fc105db4ab410e4aa8024f91ca3f14f) Importer(815301076,1909f56bfc062723c751e8b465ee728b)
Start importing Assets/Model/kenney_prototype-kit/Models/FBX format/crate-color.fbx using Guid(2fc105db4ab410e4aa8024f91ca3f14f) Importer(815301076,1909f56bfc062723c751e8b465ee728b)  -> (artifact id: '4634563420be64fa2053a139cec0da03') in 2.620245 seconds
Number of updated asset objects reloaded before import = 0
Number of asset objects unloaded after import = 9
========================================================================
Received Import Request.
  Time since last request: 0.000046 seconds.
  path: Assets/Model/kenney_prototype-kit/Models/FBX format/floor-square.fbx
  artifactKey: Guid(352ce73c45c9ca74786421024adb7bac) Importer(815301076,1909f56bfc062723c751e8b465ee728b)
Start importing Assets/Model/kenney_prototype-kit/Models/FBX format/floor-square.fbx using Guid(352ce73c45c9ca74786421024adb7bac) Importer(815301076,1909f56bfc062723c751e8b465ee728b)  -> (artifact id: '3014b4db427d543961115adc59409f94') in 0.105400 seconds
Number of updated asset objects reloaded before import = 0
Number of asset objects unloaded after import = 9
========================================================================
Received Import Request.
  Time since last request: 0.000033 seconds.
  path: Assets/Model/kenney_prototype-kit/Models/FBX format/indicator-special-arrow.fbx
  artifactKey: Guid(4f1ed43857a254543ba7b8d29edb8060) Importer(815301076,1909f56bfc062723c751e8b465ee728b)
Start importing Assets/Model/kenney_prototype-kit/Models/FBX format/indicator-special-arrow.fbx using Guid(4f1ed43857a254543ba7b8d29edb8060) Importer(815301076,1909f56bfc062723c751e8b465ee728b)  -> (artifact id: '49f3d1a9cf1dc95ddae71556dfe0a151') in 0.121815 seconds
Number of updated asset objects reloaded before import = 0
Number of asset objects unloaded after import = 9
========================================================================
Received Import Request.
  Time since last request: 0.000044 seconds.
  path: Assets/Model/kenney_prototype-kit/Models/FBX format/door-sliding.fbx
  artifactKey: Guid(005369c869eee424da205619c3f1f61e) Importer(815301076,1909f56bfc062723c751e8b465ee728b)
Start importing Assets/Model/kenney_prototype-kit/Models/FBX format/door-sliding.fbx using Guid(005369c869eee424da205619c3f1f61e) Importer(815301076,1909f56bfc062723c751e8b465ee728b)  -> (artifact id: '25f95ef7d3d2456781d25b094bb5bc71') in 0.120570 seconds
Number of updated asset objects reloaded before import = 0
Number of asset objects unloaded after import = 14
========================================================================
Received Import Request.
  Time since last request: 10.274508 seconds.
  path: Assets/Model/kenney_prototype-kit/Models/FBX format/number-double-7.fbx
  artifactKey: Guid(51e772af58cc1e74f8d3c8ed816f2b0c) Importer(815301076,1909f56bfc062723c751e8b465ee728b)
Start importing Assets/Model/kenney_prototype-kit/Models/FBX format/number-double-7.fbx using Guid(51e772af58cc1e74f8d3c8ed816f2b0c) Importer(815301076,1909f56bfc062723c751e8b465ee728b)  -> (artifact id: '9c8b37e4c81ea7ce4eb3118f5f1b83d7') in 0.155995 seconds
Number of updated asset objects reloaded before import = 0
Number of asset objects unloaded after import = 9
========================================================================
Received Import Request.
  Time since last request: 0.000244 seconds.
  path: Assets/Model/kenney_prototype-kit/Models/FBX format/pipe-half-section.fbx
  artifactKey: Guid(c266dff2bbed56a4eb826e984840f6f4) Importer(815301076,1909f56bfc062723c751e8b465ee728b)
Start importing Assets/Model/kenney_prototype-kit/Models/FBX format/pipe-half-section.fbx using Guid(c266dff2bbed56a4eb826e984840f6f4) Importer(815301076,1909f56bfc062723c751e8b465ee728b)  -> (artifact id: '3d694b686a3857608af55c4f6a63f398') in 0.073037 seconds
Number of updated asset objects reloaded before import = 0
Number of asset objects unloaded after import = 9
========================================================================
Received Import Request.
  Time since last request: 0.002738 seconds.
  path: Assets/Model/kenney_prototype-kit/Models/FBX format/pipe-half.fbx
  artifactKey: Guid(76733050a6f2d13459c6165274a50150) Importer(815301076,1909f56bfc062723c751e8b465ee728b)
Start importing Assets/Model/kenney_prototype-kit/Models/FBX format/pipe-half.fbx using Guid(76733050a6f2d13459c6165274a50150) Importer(815301076,1909f56bfc062723c751e8b465ee728b)  -> (artifact id: 'ff3de176037970ba75241876240790c1') in 0.102197 seconds
Number of updated asset objects reloaded before import = 0
Number of asset objects unloaded after import = 9
========================================================================
Received Import Request.
  Time since last request: 0.000034 seconds.
  path: Assets/Model/kenney_prototype-kit/Models/FBX format/shape-cube-half.fbx
  artifactKey: Guid(d6c8b514038ee3a499b873784bafc356) Importer(815301076,1909f56bfc062723c751e8b465ee728b)
Start importing Assets/Model/kenney_prototype-kit/Models/FBX format/shape-cube-half.fbx using Guid(d6c8b514038ee3a499b873784bafc356) Importer(815301076,1909f56bfc062723c751e8b465ee728b)  -> (artifact id: '25ba38a69c8a0875e1b141ec5226d0e4') in 0.053068 seconds
Number of updated asset objects reloaded before import = 0
Number of asset objects unloaded after import = 9
========================================================================
Received Import Request.
  Time since last request: 0.000055 seconds.
  path: Assets/Model/kenney_prototype-kit/Models/FBX format/pipe-section.fbx
  artifactKey: Guid(9eb07f621eebf7b499c0a066215317f1) Importer(815301076,1909f56bfc062723c751e8b465ee728b)
Start importing Assets/Model/kenney_prototype-kit/Models/FBX format/pipe-section.fbx using Guid(9eb07f621eebf7b499c0a066215317f1) Importer(815301076,1909f56bfc062723c751e8b465ee728b)  -> (artifact id: 'fa6c01ee379e213a52e28e4a99e0eb97') in 0.111655 seconds
Number of updated asset objects reloaded before import = 0
Number of asset objects unloaded after import = 9
========================================================================
Received Import Request.
  Time since last request: 0.000234 seconds.
  path: Assets/Model/kenney_prototype-kit/Models/FBX format/number-double-9.fbx
  artifactKey: Guid(47e606bc4beb64b47be940a8a4ec9c5d) Importer(815301076,1909f56bfc062723c751e8b465ee728b)
Start importing Assets/Model/kenney_prototype-kit/Models/FBX format/number-double-9.fbx using Guid(47e606bc4beb64b47be940a8a4ec9c5d) Importer(815301076,1909f56bfc062723c751e8b465ee728b)  -> (artifact id: '49d3f54711a71eb236929cea62feaff7') in 0.124722 seconds
Number of updated asset objects reloaded before import = 0
Number of asset objects unloaded after import = 9
========================================================================
Received Import Request.
  Time since last request: 0.000035 seconds.
  path: Assets/Model/kenney_prototype-kit/Models/FBX format/number-double-8.fbx
  artifactKey: Guid(2d150fb4ddbd7504c8dfabe07987b812) Importer(815301076,1909f56bfc062723c751e8b465ee728b)
Start importing Assets/Model/kenney_prototype-kit/Models/FBX format/number-double-8.fbx using Guid(2d150fb4ddbd7504c8dfabe07987b812) Importer(815301076,1909f56bfc062723c751e8b465ee728b)  -> (artifact id: '8977452dcb4fe530d889617ff6877346') in 0.164152 seconds
Number of updated asset objects reloaded before import = 0
Number of asset objects unloaded after import = 9
========================================================================
Received Import Request.
  Time since last request: 0.083478 seconds.
  path: Assets/Model/kenney_prototype-kit/Models/FBX format/target-a-square.fbx
  artifactKey: Guid(74666ae9fd8183b48a8d91866333670a) Importer(815301076,1909f56bfc062723c751e8b465ee728b)
Start importing Assets/Model/kenney_prototype-kit/Models/FBX format/target-a-square.fbx using Guid(74666ae9fd8183b48a8d91866333670a) Importer(815301076,1909f56bfc062723c751e8b465ee728b)  -> (artifact id: 'bc1f3ea2ec38bf52bbb0ff316ad0309c') in 0.349183 seconds
Number of updated asset objects reloaded before import = 0
Number of asset objects unloaded after import = 9
========================================================================
Received Import Request.
  Time since last request: 0.036518 seconds.
  path: Assets/Model/kenney_prototype-kit/Models/FBX format/wall-corner-low.fbx
  artifactKey: Guid(a1e247fab663d5a4ba24d5b4b554ce09) Importer(815301076,1909f56bfc062723c751e8b465ee728b)
Start importing Assets/Model/kenney_prototype-kit/Models/FBX format/wall-corner-low.fbx using Guid(a1e247fab663d5a4ba24d5b4b554ce09) Importer(815301076,1909f56bfc062723c751e8b465ee728b)  -> (artifact id: 'f0f25e4be541ca7dae21e748bd989caf') in 0.346264 seconds
Number of updated asset objects reloaded before import = 0
Number of asset objects unloaded after import = 9
========================================================================
Received Import Request.
  Time since last request: 0.064580 seconds.
  path: Assets/Model/kenney_prototype-kit/Models/FBX format/shape-triangular-prism.fbx
  artifactKey: Guid(ae8ae5997c9aa19468b23e140bf2cc4a) Importer(815301076,1909f56bfc062723c751e8b465ee728b)
Start importing Assets/Model/kenney_prototype-kit/Models/FBX format/shape-triangular-prism.fbx using Guid(ae8ae5997c9aa19468b23e140bf2cc4a) Importer(815301076,1909f56bfc062723c751e8b465ee728b)  -> (artifact id: 'fc11b7aedd1dfbc78857ceba0ef23cec') in 0.160238 seconds
Number of updated asset objects reloaded before import = 0
Number of asset objects unloaded after import = 9
========================================================================
Received Import Request.
  Time since last request: 0.000040 seconds.
  path: Assets/Model/kenney_prototype-kit/Models/FBX format/shape-triangular-prism-low.fbx
  artifactKey: Guid(27c73b65d12bffd4aae94b33f3cdbe67) Importer(815301076,1909f56bfc062723c751e8b465ee728b)
Start importing Assets/Model/kenney_prototype-kit/Models/FBX format/shape-triangular-prism-low.fbx using Guid(27c73b65d12bffd4aae94b33f3cdbe67) Importer(815301076,1909f56bfc062723c751e8b465ee728b)  -> (artifact id: '58724e2df423367ef6d46e223d5fb67d') in 0.088376 seconds
Number of updated asset objects reloaded before import = 0
Number of asset objects unloaded after import = 9
========================================================================
Received Import Request.
  Time since last request: 0.000056 seconds.
  path: Assets/Model/kenney_prototype-kit/Models/FBX format/wall-round.fbx
  artifactKey: Guid(b5b6fb052ba3bbc4a8d883ab1be66924) Importer(815301076,1909f56bfc062723c751e8b465ee728b)
Start importing Assets/Model/kenney_prototype-kit/Models/FBX format/wall-round.fbx using Guid(b5b6fb052ba3bbc4a8d883ab1be66924) Importer(815301076,1909f56bfc062723c751e8b465ee728b)  -> (artifact id: 'c5cb4f9253259a46435e4bdf44849f4e') in 4.416885 seconds
Number of updated asset objects reloaded before import = 0
Number of asset objects unloaded after import = 9
========================================================================
Received Import Request.
  Time since last request: 0.049565 seconds.
  path: Assets/Model/kenney_prototype-kit/Models/FBX format/stairs-small.fbx
  artifactKey: Guid(a68153b6ebbe29a45aa1b462490cb711) Importer(815301076,1909f56bfc062723c751e8b465ee728b)
Start importing Assets/Model/kenney_prototype-kit/Models/FBX format/stairs-small.fbx using Guid(a68153b6ebbe29a45aa1b462490cb711) Importer(815301076,1909f56bfc062723c751e8b465ee728b)  -> (artifact id: 'd40b7ad993091c670664149a94bfcec8') in 2.938410 seconds
Number of updated asset objects reloaded before import = 0
Number of asset objects unloaded after import = 9
========================================================================
Received Import Request.
  Time since last request: 0.000304 seconds.
  path: Assets/Model/kenney_prototype-kit/Models/FBX format/shape-hollow-hexagon-half.fbx
  artifactKey: Guid(56f91ae684ab5b743b9c1103b12c494d) Importer(815301076,1909f56bfc062723c751e8b465ee728b)
Start importing Assets/Model/kenney_prototype-kit/Models/FBX format/shape-hollow-hexagon-half.fbx using Guid(56f91ae684ab5b743b9c1103b12c494d) Importer(815301076,1909f56bfc062723c751e8b465ee728b)  -> (artifact id: '771de9d44306cbf31bc2bb71dc16ac3f') in 0.258969 seconds
Number of updated asset objects reloaded before import = 0
Number of asset objects unloaded after import = 9
========================================================================
Received Import Request.
  Time since last request: 0.102354 seconds.
  path: Assets/Model/kenney_prototype-kit/Models/FBX format/wall-window-medium.fbx
  artifactKey: Guid(307221cc354d63f40b394afe7776026f) Importer(815301076,1909f56bfc062723c751e8b465ee728b)
Start importing Assets/Model/kenney_prototype-kit/Models/FBX format/wall-window-medium.fbx using Guid(307221cc354d63f40b394afe7776026f) Importer(815301076,1909f56bfc062723c751e8b465ee728b)  -> (artifact id: '23beb8014a8b93f714f519d2258f650b') in 0.920886 seconds
Number of updated asset objects reloaded before import = 0
Number of asset objects unloaded after import = 9
========================================================================
Received Import Request.
  Time since last request: 0.009232 seconds.
  path: Assets/Model/kenney_prototype-kit/Models/FBX format/wall-doorway-wide.fbx
  artifactKey: Guid(82a29e2700dd6ba4c820127c4e1ebfe1) Importer(815301076,1909f56bfc062723c751e8b465ee728b)
Start importing Assets/Model/kenney_prototype-kit/Models/FBX format/wall-doorway-wide.fbx using Guid(82a29e2700dd6ba4c820127c4e1ebfe1) Importer(815301076,1909f56bfc062723c751e8b465ee728b)  -> (artifact id: '9c6d912c42295429f979c028e23ac666') in 0.160990 seconds
Number of updated asset objects reloaded before import = 0
Number of asset objects unloaded after import = 9
========================================================================
Received Import Request.
  Time since last request: 0.000036 seconds.
  path: Assets/Model/kenney_prototype-kit/Models/FBX format/wall-diagonal-low.fbx
  artifactKey: Guid(4fb03a60677d77649beb7e4e42444759) Importer(815301076,1909f56bfc062723c751e8b465ee728b)
Start importing Assets/Model/kenney_prototype-kit/Models/FBX format/wall-diagonal-low.fbx using Guid(4fb03a60677d77649beb7e4e42444759) Importer(815301076,1909f56bfc062723c751e8b465ee728b)  -> (artifact id: 'c9cd8906a009ddc2880a1f015f255230') in 0.156880 seconds
Number of updated asset objects reloaded before import = 0
Number of asset objects unloaded after import = 9
========================================================================
Received Import Request.
  Time since last request: 0.000037 seconds.
  path: Assets/Model/kenney_prototype-kit/Models/FBX format/shape-hexagon-half.fbx
  artifactKey: Guid(4bbfd8b4e0143df4083a97cbf6317361) Importer(815301076,1909f56bfc062723c751e8b465ee728b)
Start importing Assets/Model/kenney_prototype-kit/Models/FBX format/shape-hexagon-half.fbx using Guid(4bbfd8b4e0143df4083a97cbf6317361) Importer(815301076,1909f56bfc062723c751e8b465ee728b)  -> (artifact id: '6d10e17fbc022089e67df433ab66b000') in 1.103071 seconds
Number of updated asset objects reloaded before import = 0
Number of asset objects unloaded after import = 9
========================================================================
Received Import Request.
  Time since last request: 0.000047 seconds.
  path: Assets/Model/kenney_prototype-kit/Models/FBX format/stairs-small-narrow.fbx
  artifactKey: Guid(28e2a0fe9f7b1aa49a10a48c9abe487c) Importer(815301076,1909f56bfc062723c751e8b465ee728b)
Start importing Assets/Model/kenney_prototype-kit/Models/FBX format/stairs-small-narrow.fbx using Guid(28e2a0fe9f7b1aa49a10a48c9abe487c) Importer(815301076,1909f56bfc062723c751e8b465ee728b)  -> (artifact id: 'a75fd94606362f98068b69f9799e7920') in 0.428142 seconds
Number of updated asset objects reloaded before import = 0
Number of asset objects unloaded after import = 9
========================================================================
Received Import Request.
  Time since last request: 0.007306 seconds.
  path: Assets/Model/kenney_prototype-kit/Models/FBX format/wall-corner.fbx
  artifactKey: Guid(91bfba1b9261e4c4698c0cd46716b8a6) Importer(815301076,1909f56bfc062723c751e8b465ee728b)
Start importing Assets/Model/kenney_prototype-kit/Models/FBX format/wall-corner.fbx using Guid(91bfba1b9261e4c4698c0cd46716b8a6) Importer(815301076,1909f56bfc062723c751e8b465ee728b)  -> (artifact id: 'e6006d9628628de72042fc9db196ab37') in 1.767058 seconds
Number of updated asset objects reloaded before import = 0
Number of asset objects unloaded after import = 9
========================================================================
Received Import Request.
  Time since last request: 0.004182 seconds.
  path: Assets/Model/kenney_prototype-kit/Models/FBX format/shape-slope.fbx
  artifactKey: Guid(0304ae6948d88484cb4c3e682d18d860) Importer(815301076,1909f56bfc062723c751e8b465ee728b)
Start importing Assets/Model/kenney_prototype-kit/Models/FBX format/shape-slope.fbx using Guid(0304ae6948d88484cb4c3e682d18d860) Importer(815301076,1909f56bfc062723c751e8b465ee728b)  -> (artifact id: '860c39a77267ba1b4464dd8ed496dbef') in 1.118885 seconds
Number of updated asset objects reloaded before import = 0
Number of asset objects unloaded after import = 9
========================================================================
Received Import Request.
  Time since last request: 0.000034 seconds.
  path: Assets/Model/kenney_prototype-kit/Models/FBX format/wall-window-small.fbx
  artifactKey: Guid(76cb41e19f353564fb638dd3da9a3205) Importer(815301076,1909f56bfc062723c751e8b465ee728b)
Start importing Assets/Model/kenney_prototype-kit/Models/FBX format/wall-window-small.fbx using Guid(76cb41e19f353564fb638dd3da9a3205) Importer(815301076,1909f56bfc062723c751e8b465ee728b)  -> (artifact id: '1c93bac9fe839c39c97e048e9aec5bbb') in 1.489580 seconds
Number of updated asset objects reloaded before import = 0
Number of asset objects unloaded after import = 9
========================================================================
Received Import Request.
  Time since last request: 0.168136 seconds.
  path: Assets/Model/kenney_prototype-kit/Models/FBX format/wheelchair.fbx
  artifactKey: Guid(84cedc36533ccac429372806e8e15843) Importer(815301076,1909f56bfc062723c751e8b465ee728b)
Start importing Assets/Model/kenney_prototype-kit/Models/FBX format/wheelchair.fbx using Guid(84cedc36533ccac429372806e8e15843) Importer(815301076,1909f56bfc062723c751e8b465ee728b)  -> (artifact id: '879d11d5037e756c749ed1355293b0d7') in 1.240672 seconds
Number of updated asset objects reloaded before import = 0
Number of asset objects unloaded after import = 19
========================================================================
Received Import Request.
  Time since last request: 0.000509 seconds.
  path: Assets/Model/kenney_prototype-kit/Models/FBX format/wall-doorway-sliding.fbx
  artifactKey: Guid(a322331c85d769a4ebbacf6e8e17a03e) Importer(815301076,1909f56bfc062723c751e8b465ee728b)
Start importing Assets/Model/kenney_prototype-kit/Models/FBX format/wall-doorway-sliding.fbx using Guid(a322331c85d769a4ebbacf6e8e17a03e) Importer(815301076,1909f56bfc062723c751e8b465ee728b)  -> (artifact id: '309389dc0e57e455b93fc573079e3983') in 3.410826 seconds
Number of updated asset objects reloaded before import = 0
Number of asset objects unloaded after import = 9
========================================================================
Received Import Request.
  Time since last request: 0.000162 seconds.
  path: Assets/Model/kenney_prototype-kit/Models/FBX format/target-b-round.fbx
  artifactKey: Guid(41e206f8404e0524a984d1d2c2fe9175) Importer(815301076,1909f56bfc062723c751e8b465ee728b)
Start importing Assets/Model/kenney_prototype-kit/Models/FBX format/target-b-round.fbx using Guid(41e206f8404e0524a984d1d2c2fe9175) Importer(815301076,1909f56bfc062723c751e8b465ee728b)  -> (artifact id: '0c01a35f4c6d2ee2762d255943355153') in 0.089877 seconds
Number of updated asset objects reloaded before import = 0
Number of asset objects unloaded after import = 9
========================================================================
Received Import Request.
  Time since last request: 0.011394 seconds.
  path: Assets/Model/kenney_prototype-kit/Models/FBX format/wall-doorway.fbx
  artifactKey: Guid(787d8eb2127e17943b6154dcb89d4a69) Importer(815301076,1909f56bfc062723c751e8b465ee728b)
Start importing Assets/Model/kenney_prototype-kit/Models/FBX format/wall-doorway.fbx using Guid(787d8eb2127e17943b6154dcb89d4a69) Importer(815301076,1909f56bfc062723c751e8b465ee728b)  -> (artifact id: 'ca4d3d8ec8a4250c235c37e7b73d99e1') in 0.251798 seconds
Number of updated asset objects reloaded before import = 0
Number of asset objects unloaded after import = 9
========================================================================
Received Import Request.
  Time since last request: 0.000535 seconds.
  path: Assets/Model/kenney_prototype-kit/Models/FBX format/wall-window-barred-medium.fbx
  artifactKey: Guid(af80d5d3cb2ff914d82a71b01c5e7fe4) Importer(815301076,1909f56bfc062723c751e8b465ee728b)
Start importing Assets/Model/kenney_prototype-kit/Models/FBX format/wall-window-barred-medium.fbx using Guid(af80d5d3cb2ff914d82a71b01c5e7fe4) Importer(815301076,1909f56bfc062723c751e8b465ee728b)  -> (artifact id: '14854413c8f9441f060f2204bc4b290e') in 0.144272 seconds
Number of updated asset objects reloaded before import = 0
Number of asset objects unloaded after import = 9
========================================================================
Received Import Request.
  Time since last request: 0.005304 seconds.
  path: Assets/Model/kenney_prototype-kit/Models/FBX format/shape-hollow-cylinder-half.fbx
  artifactKey: Guid(3705ea2773b952046ae47929ed6034a9) Importer(815301076,1909f56bfc062723c751e8b465ee728b)
Start importing Assets/Model/kenney_prototype-kit/Models/FBX format/shape-hollow-cylinder-half.fbx using Guid(3705ea2773b952046ae47929ed6034a9) Importer(815301076,1909f56bfc062723c751e8b465ee728b)  -> (artifact id: '22ec7af2f0b40053e64d1637e4c706d3') in 1.689199 seconds
Number of updated asset objects reloaded before import = 0
Number of asset objects unloaded after import = 9
========================================================================
Received Import Request.
  Time since last request: 3.014294 seconds.
  path: Assets/Model/kenney_prototype-kit/Models/FBX format/wall.fbx
  artifactKey: Guid(b15a6b07234d7fc4ba8a9e2334ad1b4a) Importer(815301076,1909f56bfc062723c751e8b465ee728b)
Start importing Assets/Model/kenney_prototype-kit/Models/FBX format/wall.fbx using Guid(b15a6b07234d7fc4ba8a9e2334ad1b4a) Importer(815301076,1909f56bfc062723c751e8b465ee728b)  -> (artifact id: '9f310ff354e3b062fe761ff3f5a2f00a') in 1.086776 seconds
Number of updated asset objects reloaded before import = 0
Number of asset objects unloaded after import = 9
========================================================================
Received Import Request.
  Time since last request: 0.002262 seconds.
  path: Assets/Model/kenney_prototype-kit/Models/FBX format/wall-window-large.fbx
  artifactKey: Guid(3e2b31c42d5046644846e4fea73fdd13) Importer(815301076,1909f56bfc062723c751e8b465ee728b)
Start importing Assets/Model/kenney_prototype-kit/Models/FBX format/wall-window-large.fbx using Guid(3e2b31c42d5046644846e4fea73fdd13) Importer(815301076,1909f56bfc062723c751e8b465ee728b)  -> (artifact id: '23d80bb0bac71ab0dc57cee077dd0557') in 0.131232 seconds
Number of updated asset objects reloaded before import = 0
Number of asset objects unloaded after import = 9
========================================================================
Received Import Request.
  Time since last request: 0.005427 seconds.
  path: Assets/Model/kenney_prototype-kit/Models/FBX format/weapon-shield.fbx
  artifactKey: Guid(2e6790cd0b7971d45952260b17f94002) Importer(815301076,1909f56bfc062723c751e8b465ee728b)
Start importing Assets/Model/kenney_prototype-kit/Models/FBX format/weapon-shield.fbx using Guid(2e6790cd0b7971d45952260b17f94002) Importer(815301076,1909f56bfc062723c751e8b465ee728b)  -> (artifact id: '0db43d83dd64338287eca6df8e80171b') in 0.324981 seconds
Number of updated asset objects reloaded before import = 0
Number of asset objects unloaded after import = 9
========================================================================
Received Import Request.
  Time since last request: 0.001055 seconds.
  path: Assets/Model/kenney_prototype-kit/Models/FBX format/wall-window-barred-large.fbx
  artifactKey: Guid(e2dc42cba3e91e840bee4aa5d980907c) Importer(815301076,1909f56bfc062723c751e8b465ee728b)
Start importing Assets/Model/kenney_prototype-kit/Models/FBX format/wall-window-barred-large.fbx using Guid(e2dc42cba3e91e840bee4aa5d980907c) Importer(815301076,1909f56bfc062723c751e8b465ee728b)  -> (artifact id: '690d25d9c7b39a4a87f6b8cd6ca7005e') in 0.457456 seconds
Number of updated asset objects reloaded before import = 0
Number of asset objects unloaded after import = 9
